  ApiFramework.cpp
  Collider.cpp
  ColliderManager.cpp
C:\Users\xpc\Desktop\ApiFramework\ApiFramework\ColliderManager.cpp(20,60): warning C4244: '인수': 'const float'에서 'int32'(으)로 변환하면서 데이터가 손실될 수 있습니다.
C:\Users\xpc\Desktop\ApiFramework\ApiFramework\ColliderManager.cpp(20,37): warning C4244: '인수': 'const float'에서 'int32'(으)로 변환하면서 데이터가 손실될 수 있습니다.
  Core.cpp
C:\Users\xpc\Desktop\ApiFramework\ApiFramework\Core.cpp(159,62): warning C4244: '인수': 'const float'에서 'int32'(으)로 변환하면서 데이터가 손실될 수 있습니다.
C:\Users\xpc\Desktop\ApiFramework\ApiFramework\Core.cpp(159,39): warning C4244: '인수': 'const float'에서 'int32'(으)로 변환하면서 데이터가 손실될 수 있습니다.
C:\Users\xpc\Desktop\ApiFramework\ApiFramework\Core.cpp(210,65): warning C4244: '인수': 'float'에서 'int'(으)로 변환하면서 데이터가 손실될 수 있습니다.
C:\Users\xpc\Desktop\ApiFramework\ApiFramework\Core.cpp(210,42): warning C4244: '인수': 'float'에서 'int'(으)로 변환하면서 데이터가 손실될 수 있습니다.
  Enemy.cpp
C:\Users\xpc\Desktop\ApiFramework\ApiFramework\Enemy.cpp(32,26): warning C4244: '=': 'uint64'에서 'int'(으)로 변환하면서 데이터가 손실될 수 있습니다.
C:\Users\xpc\Desktop\ApiFramework\ApiFramework\Enemy.cpp(78,27): warning C4244: '인수': 'float'에서 'int32'(으)로 변환하면서 데이터가 손실될 수 있습니다.
C:\Users\xpc\Desktop\ApiFramework\ApiFramework\Enemy.cpp(79,28): warning C4244: '인수': 'float'에서 'int32'(으)로 변환하면서 데이터가 손실될 수 있습니다.
  Math.cpp
  Object.cpp
  ObjectManager.cpp
  Player.cpp
C:\Users\xpc\Desktop\ApiFramework\ApiFramework\Player.cpp(39,40): warning C4244: '인수': 'float'에서 'int32'(으)로 변환하면서 데이터가 손실될 수 있습니다.
C:\Users\xpc\Desktop\ApiFramework\ApiFramework\Player.cpp(40,41): warning C4244: '인수': 'float'에서 'int32'(으)로 변환하면서 데이터가 손실될 수 있습니다.
C:\Users\xpc\Desktop\ApiFramework\ApiFramework\Player.cpp(308,40): warning C4244: '인수': 'float'에서 'int32'(으)로 변환하면서 데이터가 손실될 수 있습니다.
C:\Users\xpc\Desktop\ApiFramework\ApiFramework\Player.cpp(309,41): warning C4244: '인수': 'float'에서 'int32'(으)로 변환하면서 데이터가 손실될 수 있습니다.
  QuadTree.cpp
  RectCollider.cpp
C:\Users\xpc\Desktop\ApiFramework\ApiFramework\RectCollider.cpp(30,22): warning C4244: '=': 'float'에서 'int'(으)로 변환하면서 데이터가 손실될 수 있습니다.
C:\Users\xpc\Desktop\ApiFramework\ApiFramework\RectCollider.cpp(31,22): warning C4244: '=': 'float'에서 'int'(으)로 변환하면서 데이터가 손실될 수 있습니다.
C:\Users\xpc\Desktop\ApiFramework\ApiFramework\RectCollider.cpp(48,22): warning C4244: '=': 'float'에서 'int'(으)로 변환하면서 데이터가 손실될 수 있습니다.
C:\Users\xpc\Desktop\ApiFramework\ApiFramework\RectCollider.cpp(49,22): warning C4244: '=': 'float'에서 'int'(으)로 변환하면서 데이터가 손실될 수 있습니다.
  Shape.cpp
C:\Users\xpc\Desktop\ApiFramework\ApiFramework\Shape.cpp(266,28): warning C4267: '초기화 중': 'size_t'에서 'int'(으)로 변환하면서 데이터가 손실될 수 있습니다.
  Type.cpp
  ApiFramework.vcxproj -> C:\Users\xpc\Desktop\ApiFramework\x64\Debug\ApiFramework.exe
